<?xml version="1.0" encoding="UTF-8"?>
<!-- Generated by org.testng.reporters.JUnitReportReporter -->
<testsuite skipped="0" hostname="DESKTOP-8SE8GSP" name="com.qa.SeleniumGrid.GridTest" tests="1" failures="0" timestamp="2020-04-25T17:45:18 IST" time="11.668" errors="0">
  <testcase name="main" time="11.668" classname="com.qa.SeleniumGrid.GridTest"/>
</testsuite> <!-- com.qa.SeleniumGrid.GridTest -->
